[error] Failed to fetch Firebase Project from Studio Workspace because WORKSPACE_SLUG environment variable is empty
[error] Failed to fetch Firebase Project from Studio Workspace because WORKSPACE_SLUG environment variable is empty
[debug] [2026-02-07T10:21:37.602Z] > command requires scopes: ["email","openid","https://www.googleapis.com/auth/cloudplatformprojects.readonly","https://www.googleapis.com/auth/firebase","https://www.googleapis.com/auth/cloud-platform","https://www.googleapis.com/auth/userinfo.email"]
[debug] [2026-02-07T10:21:37.603Z] > authorizing via signed-in user (gamingvninja@gmail.com)
[debug] [2026-02-07T10:21:37.609Z] No OAuth tokens found
[debug] [2026-02-07T10:21:37.609Z] No OAuth tokens found
[debug] [2026-02-07T10:21:37.614Z] > command requires scopes: ["email","openid","https://www.googleapis.com/auth/cloudplatformprojects.readonly","https://www.googleapis.com/auth/firebase","https://www.googleapis.com/auth/cloud-platform","https://www.googleapis.com/auth/userinfo.email"]
[debug] [2026-02-07T10:21:37.614Z] > authorizing via signed-in user (gamingvninja@gmail.com)
[debug] [2026-02-07T10:21:37.617Z] >>> [apiv2][query] GET https://cloudbilling.googleapis.com/v1/projects/server-admin-dash-ui/billingInfo [none]
[debug] [2026-02-07T10:21:37.902Z] <<< [apiv2][status] GET https://cloudbilling.googleapis.com/v1/projects/server-admin-dash-ui/billingInfo 200
[debug] [2026-02-07T10:21:37.903Z] <<< [apiv2][body] GET https://cloudbilling.googleapis.com/v1/projects/server-admin-dash-ui/billingInfo {"name":"projects/server-admin-dash-ui/billingInfo","projectId":"server-admin-dash-ui","billingAccountName":"","billingEnabled":false}
[debug] [2026-02-07T10:21:37.913Z] No OAuth tokens found
[debug] [2026-02-07T10:21:37.913Z] No OAuth tokens found
[debug] [2026-02-07T10:21:37.915Z] > command requires scopes: ["email","openid","https://www.googleapis.com/auth/cloudplatformprojects.readonly","https://www.googleapis.com/auth/firebase","https://www.googleapis.com/auth/cloud-platform","https://www.googleapis.com/auth/userinfo.email"]
[debug] [2026-02-07T10:21:37.916Z] > authorizing via signed-in user (gamingvninja@gmail.com)
[debug] [2026-02-07T10:21:37.918Z] No OAuth tokens found
[debug] [2026-02-07T10:21:37.919Z] No OAuth tokens found
[debug] [2026-02-07T10:21:37.919Z] > command requires scopes: ["email","openid","https://www.googleapis.com/auth/cloudplatformprojects.readonly","https://www.googleapis.com/auth/firebase","https://www.googleapis.com/auth/cloud-platform","https://www.googleapis.com/auth/userinfo.email"]
[debug] [2026-02-07T10:21:37.919Z] > authorizing via signed-in user (gamingvninja@gmail.com)
[debug] [2026-02-07T10:21:37.920Z] No OAuth tokens found
[debug] [2026-02-07T10:21:37.920Z] No OAuth tokens found
[debug] [2026-02-07T10:21:37.920Z] > command requires scopes: ["email","openid","https://www.googleapis.com/auth/cloudplatformprojects.readonly","https://www.googleapis.com/auth/firebase","https://www.googleapis.com/auth/cloud-platform","https://www.googleapis.com/auth/userinfo.email"]
[debug] [2026-02-07T10:21:37.920Z] > authorizing via signed-in user (gamingvninja@gmail.com)
[debug] [2026-02-07T10:21:37.935Z] No OAuth tokens found
[debug] [2026-02-07T10:21:37.936Z] No OAuth tokens found
[debug] [2026-02-07T10:21:37.936Z] > command requires scopes: ["email","openid","https://www.googleapis.com/auth/cloudplatformprojects.readonly","https://www.googleapis.com/auth/firebase","https://www.googleapis.com/auth/cloud-platform","https://www.googleapis.com/auth/userinfo.email"]
[debug] [2026-02-07T10:21:37.936Z] > authorizing via signed-in user (gamingvninja@gmail.com)
[debug] [2026-02-07T10:21:37.937Z] No OAuth tokens found
[debug] [2026-02-07T10:21:37.937Z] No OAuth tokens found
[debug] [2026-02-07T10:21:37.937Z] > command requires scopes: ["email","openid","https://www.googleapis.com/auth/cloudplatformprojects.readonly","https://www.googleapis.com/auth/firebase","https://www.googleapis.com/auth/cloud-platform","https://www.googleapis.com/auth/userinfo.email"]
[debug] [2026-02-07T10:21:37.937Z] > authorizing via signed-in user (gamingvninja@gmail.com)
[debug] [2026-02-07T10:21:37.937Z] >>> [apiv2][query] GET https://serviceusage.googleapis.com/v1/projects/server-admin-dash-ui/services/firestore.googleapis.com [none]
[debug] [2026-02-07T10:21:37.937Z] >>> [apiv2][(partial)header] GET https://serviceusage.googleapis.com/v1/projects/server-admin-dash-ui/services/firestore.googleapis.com  x-goog-user-project=server-admin-dash-ui
[debug] [2026-02-07T10:21:37.939Z] >>> [apiv2][query] GET https://serviceusage.googleapis.com/v1/projects/server-admin-dash-ui/services/firebasedataconnect.googleapis.com [none]
[debug] [2026-02-07T10:21:37.940Z] >>> [apiv2][(partial)header] GET https://serviceusage.googleapis.com/v1/projects/server-admin-dash-ui/services/firebasedataconnect.googleapis.com  x-goog-user-project=server-admin-dash-ui
[debug] [2026-02-07T10:21:37.941Z] >>> [apiv2][query] GET https://serviceusage.googleapis.com/v1/projects/server-admin-dash-ui/services/cloudfunctions.googleapis.com [none]
[debug] [2026-02-07T10:21:37.941Z] >>> [apiv2][(partial)header] GET https://serviceusage.googleapis.com/v1/projects/server-admin-dash-ui/services/cloudfunctions.googleapis.com  x-goog-user-project=server-admin-dash-ui
[debug] [2026-02-07T10:21:37.943Z] >>> [apiv2][query] GET https://serviceusage.googleapis.com/v1/projects/server-admin-dash-ui/services/firebaseapphosting.googleapis.com [none]
[debug] [2026-02-07T10:21:37.943Z] >>> [apiv2][(partial)header] GET https://serviceusage.googleapis.com/v1/projects/server-admin-dash-ui/services/firebaseapphosting.googleapis.com  x-goog-user-project=server-admin-dash-ui
[debug] [2026-02-07T10:21:37.946Z] >>> [apiv2][query] GET https://serviceusage.googleapis.com/v1/projects/server-admin-dash-ui/services/firebaseio.com [none]
[debug] [2026-02-07T10:21:37.946Z] >>> [apiv2][(partial)header] GET https://serviceusage.googleapis.com/v1/projects/server-admin-dash-ui/services/firebaseio.com  x-goog-user-project=server-admin-dash-ui
[debug] [2026-02-07T10:21:38.999Z] <<< [apiv2][status] GET https://serviceusage.googleapis.com/v1/projects/server-admin-dash-ui/services/firebaseapphosting.googleapis.com 200
[debug] [2026-02-07T10:21:38.999Z] <<< [apiv2][body] GET https://serviceusage.googleapis.com/v1/projects/server-admin-dash-ui/services/firebaseapphosting.googleapis.com [omitted]
[debug] [2026-02-07T10:21:39.012Z] <<< [apiv2][status] GET https://serviceusage.googleapis.com/v1/projects/server-admin-dash-ui/services/firebaseio.com 403
[debug] [2026-02-07T10:21:39.012Z] <<< [apiv2][body] GET https://serviceusage.googleapis.com/v1/projects/server-admin-dash-ui/services/firebaseio.com [omitted]
[debug] [2026-02-07T10:21:39.027Z] <<< [apiv2][status] GET https://serviceusage.googleapis.com/v1/projects/server-admin-dash-ui/services/cloudfunctions.googleapis.com 200
[debug] [2026-02-07T10:21:39.027Z] <<< [apiv2][body] GET https://serviceusage.googleapis.com/v1/projects/server-admin-dash-ui/services/cloudfunctions.googleapis.com [omitted]
[debug] [2026-02-07T10:21:39.035Z] <<< [apiv2][status] GET https://serviceusage.googleapis.com/v1/projects/server-admin-dash-ui/services/firebasedataconnect.googleapis.com 200
[debug] [2026-02-07T10:21:39.035Z] <<< [apiv2][body] GET https://serviceusage.googleapis.com/v1/projects/server-admin-dash-ui/services/firebasedataconnect.googleapis.com [omitted]
[debug] [2026-02-07T10:21:39.039Z] <<< [apiv2][status] GET https://serviceusage.googleapis.com/v1/projects/server-admin-dash-ui/services/firestore.googleapis.com 200
[debug] [2026-02-07T10:21:39.039Z] <<< [apiv2][body] GET https://serviceusage.googleapis.com/v1/projects/server-admin-dash-ui/services/firestore.googleapis.com [omitted]
[error] Failed to fetch Firebase Project from Studio Workspace because WORKSPACE_SLUG environment variable is empty
[error] Failed to fetch Firebase Project from Studio Workspace because WORKSPACE_SLUG environment variable is empty
[error] Failed to fetch Firebase Project from Studio Workspace because WORKSPACE_SLUG environment variable is empty
[debug] [2026-02-07T10:21:39.046Z] > command requires scopes: ["email","openid","https://www.googleapis.com/auth/cloudplatformprojects.readonly","https://www.googleapis.com/auth/firebase","https://www.googleapis.com/auth/cloud-platform","https://www.googleapis.com/auth/userinfo.email"]
[debug] [2026-02-07T10:21:39.046Z] > authorizing via signed-in user (gamingvninja@gmail.com)
[debug] [2026-02-07T10:21:39.046Z] No OAuth tokens found
[debug] [2026-02-07T10:21:39.046Z] No OAuth tokens found
[debug] [2026-02-07T10:21:39.047Z] > command requires scopes: ["email","openid","https://www.googleapis.com/auth/cloudplatformprojects.readonly","https://www.googleapis.com/auth/firebase","https://www.googleapis.com/auth/cloud-platform","https://www.googleapis.com/auth/userinfo.email"]
[debug] [2026-02-07T10:21:39.047Z] > authorizing via signed-in user (gamingvninja@gmail.com)
[debug] [2026-02-07T10:21:39.049Z] >>> [apiv2][query] GET https://cloudbilling.googleapis.com/v1/projects/server-admin-dash-ui/billingInfo [none]
[debug] [2026-02-07T10:21:40.056Z] <<< [apiv2][status] GET https://cloudbilling.googleapis.com/v1/projects/server-admin-dash-ui/billingInfo 200
[debug] [2026-02-07T10:21:40.057Z] <<< [apiv2][body] GET https://cloudbilling.googleapis.com/v1/projects/server-admin-dash-ui/billingInfo {"name":"projects/server-admin-dash-ui/billingInfo","projectId":"server-admin-dash-ui","billingAccountName":"","billingEnabled":false}
[error] Failed to fetch Firebase Project from Studio Workspace because WORKSPACE_SLUG environment variable is empty
[debug] [2026-02-07T10:21:40.059Z] > command requires scopes: ["email","openid","https://www.googleapis.com/auth/cloudplatformprojects.readonly","https://www.googleapis.com/auth/firebase","https://www.googleapis.com/auth/cloud-platform","https://www.googleapis.com/auth/userinfo.email"]
[debug] [2026-02-07T10:21:40.059Z] > authorizing via signed-in user (gamingvninja@gmail.com)
[error] Failed to fetch Firebase Project from Studio Workspace because WORKSPACE_SLUG environment variable is empty
[error] Failed to fetch Firebase Project from Studio Workspace because WORKSPACE_SLUG environment variable is empty
[error] Failed to fetch Firebase Project from Studio Workspace because WORKSPACE_SLUG environment variable is empty
[error] Failed to fetch Firebase Project from Studio Workspace because WORKSPACE_SLUG environment variable is empty
[error] Failed to fetch Firebase Project from Studio Workspace because WORKSPACE_SLUG environment variable is empty
[error] Failed to fetch Firebase Project from Studio Workspace because WORKSPACE_SLUG environment variable is empty
[debug] [2026-02-07T10:21:40.107Z] > command requires scopes: ["email","openid","https://www.googleapis.com/auth/cloudplatformprojects.readonly","https://www.googleapis.com/auth/firebase","https://www.googleapis.com/auth/cloud-platform","https://www.googleapis.com/auth/userinfo.email"]
[debug] [2026-02-07T10:21:40.109Z] > authorizing via signed-in user (gamingvninja@gmail.com)
[debug] [2026-02-07T10:21:40.110Z] > command requires scopes: ["email","openid","https://www.googleapis.com/auth/cloudplatformprojects.readonly","https://www.googleapis.com/auth/firebase","https://www.googleapis.com/auth/cloud-platform","https://www.googleapis.com/auth/userinfo.email"]
[debug] [2026-02-07T10:21:40.110Z] > authorizing via signed-in user (gamingvninja@gmail.com)
[debug] [2026-02-07T10:21:40.110Z] No OAuth tokens found
[debug] [2026-02-07T10:21:40.110Z] No OAuth tokens found
[debug] [2026-02-07T10:21:40.111Z] > command requires scopes: ["email","openid","https://www.googleapis.com/auth/cloudplatformprojects.readonly","https://www.googleapis.com/auth/firebase","https://www.googleapis.com/auth/cloud-platform","https://www.googleapis.com/auth/userinfo.email"]
[debug] [2026-02-07T10:21:40.111Z] > authorizing via signed-in user (gamingvninja@gmail.com)
[debug] [2026-02-07T10:21:40.111Z] No OAuth tokens found
[debug] [2026-02-07T10:21:40.111Z] No OAuth tokens found
[debug] [2026-02-07T10:21:40.111Z] > command requires scopes: ["email","openid","https://www.googleapis.com/auth/cloudplatformprojects.readonly","https://www.googleapis.com/auth/firebase","https://www.googleapis.com/auth/cloud-platform","https://www.googleapis.com/auth/userinfo.email"]
[debug] [2026-02-07T10:21:40.111Z] > authorizing via signed-in user (gamingvninja@gmail.com)
[debug] [2026-02-07T10:21:40.112Z] >>> [apiv2][query] GET https://cloudbilling.googleapis.com/v1/projects/server-admin-dash-ui/billingInfo [none]
[debug] [2026-02-07T10:21:40.112Z] >>> [apiv2][query] GET https://cloudbilling.googleapis.com/v1/projects/server-admin-dash-ui/billingInfo [none]
[debug] [2026-02-07T10:21:40.328Z] <<< [apiv2][status] GET https://cloudbilling.googleapis.com/v1/projects/server-admin-dash-ui/billingInfo 200
[debug] [2026-02-07T10:21:40.328Z] <<< [apiv2][body] GET https://cloudbilling.googleapis.com/v1/projects/server-admin-dash-ui/billingInfo {"name":"projects/server-admin-dash-ui/billingInfo","projectId":"server-admin-dash-ui","billingAccountName":"","billingEnabled":false}
[error] Failed to fetch Firebase Project from Studio Workspace because WORKSPACE_SLUG environment variable is empty
[debug] [2026-02-07T10:21:40.332Z] > command requires scopes: ["email","openid","https://www.googleapis.com/auth/cloudplatformprojects.readonly","https://www.googleapis.com/auth/firebase","https://www.googleapis.com/auth/cloud-platform","https://www.googleapis.com/auth/userinfo.email"]
[debug] [2026-02-07T10:21:40.332Z] > authorizing via signed-in user (gamingvninja@gmail.com)
[debug] [2026-02-07T10:21:41.134Z] <<< [apiv2][status] GET https://cloudbilling.googleapis.com/v1/projects/server-admin-dash-ui/billingInfo 200
[debug] [2026-02-07T10:21:41.134Z] <<< [apiv2][body] GET https://cloudbilling.googleapis.com/v1/projects/server-admin-dash-ui/billingInfo {"name":"projects/server-admin-dash-ui/billingInfo","projectId":"server-admin-dash-ui","billingAccountName":"","billingEnabled":false}
[error] Failed to fetch Firebase Project from Studio Workspace because WORKSPACE_SLUG environment variable is empty
[debug] [2026-02-07T10:21:41.136Z] > command requires scopes: ["email","openid","https://www.googleapis.com/auth/cloudplatformprojects.readonly","https://www.googleapis.com/auth/firebase","https://www.googleapis.com/auth/cloud-platform","https://www.googleapis.com/auth/userinfo.email"]
[debug] [2026-02-07T10:21:41.136Z] > authorizing via signed-in user (gamingvninja@gmail.com)
[error] Failed to fetch Firebase Project from Studio Workspace because WORKSPACE_SLUG environment variable is empty
[error] Failed to fetch Firebase Project from Studio Workspace because WORKSPACE_SLUG environment variable is empty
[error] Failed to fetch Firebase Project from Studio Workspace because WORKSPACE_SLUG environment variable is empty
[error] Failed to fetch Firebase Project from Studio Workspace because WORKSPACE_SLUG environment variable is empty
[error] Failed to fetch Firebase Project from Studio Workspace because WORKSPACE_SLUG environment variable is empty
[error] Failed to fetch Firebase Project from Studio Workspace because WORKSPACE_SLUG environment variable is empty
[debug] [2026-02-07T10:23:42.376Z] > command requires scopes: ["email","openid","https://www.googleapis.com/auth/cloudplatformprojects.readonly","https://www.googleapis.com/auth/firebase","https://www.googleapis.com/auth/cloud-platform","https://www.googleapis.com/auth/userinfo.email"]
[debug] [2026-02-07T10:23:42.376Z] > authorizing via signed-in user (gamingvninja@gmail.com)
[debug] [2026-02-07T10:23:42.376Z] > command requires scopes: ["email","openid","https://www.googleapis.com/auth/cloudplatformprojects.readonly","https://www.googleapis.com/auth/firebase","https://www.googleapis.com/auth/cloud-platform","https://www.googleapis.com/auth/userinfo.email"]
[debug] [2026-02-07T10:23:42.377Z] > authorizing via signed-in user (gamingvninja@gmail.com)
[debug] [2026-02-07T10:23:42.377Z] No OAuth tokens found
[debug] [2026-02-07T10:23:42.377Z] No OAuth tokens found
[debug] [2026-02-07T10:23:42.378Z] > command requires scopes: ["email","openid","https://www.googleapis.com/auth/cloudplatformprojects.readonly","https://www.googleapis.com/auth/firebase","https://www.googleapis.com/auth/cloud-platform","https://www.googleapis.com/auth/userinfo.email"]
[debug] [2026-02-07T10:23:42.378Z] > authorizing via signed-in user (gamingvninja@gmail.com)
[debug] [2026-02-07T10:23:42.378Z] No OAuth tokens found
[debug] [2026-02-07T10:23:42.378Z] No OAuth tokens found
[debug] [2026-02-07T10:23:42.378Z] > command requires scopes: ["email","openid","https://www.googleapis.com/auth/cloudplatformprojects.readonly","https://www.googleapis.com/auth/firebase","https://www.googleapis.com/auth/cloud-platform","https://www.googleapis.com/auth/userinfo.email"]
[debug] [2026-02-07T10:23:42.379Z] > authorizing via signed-in user (gamingvninja@gmail.com)
[debug] [2026-02-07T10:23:42.379Z] >>> [apiv2][query] GET https://cloudbilling.googleapis.com/v1/projects/server-admin-dash-ui/billingInfo [none]
[debug] [2026-02-07T10:23:42.383Z] >>> [apiv2][query] GET https://cloudbilling.googleapis.com/v1/projects/server-admin-dash-ui/billingInfo [none]
[debug] [2026-02-07T10:23:43.457Z] <<< [apiv2][status] GET https://cloudbilling.googleapis.com/v1/projects/server-admin-dash-ui/billingInfo 200
[debug] [2026-02-07T10:23:43.457Z] <<< [apiv2][body] GET https://cloudbilling.googleapis.com/v1/projects/server-admin-dash-ui/billingInfo {"name":"projects/server-admin-dash-ui/billingInfo","projectId":"server-admin-dash-ui","billingAccountName":"","billingEnabled":false}
[error] Failed to fetch Firebase Project from Studio Workspace because WORKSPACE_SLUG environment variable is empty
[debug] [2026-02-07T10:23:43.460Z] > command requires scopes: ["email","openid","https://www.googleapis.com/auth/cloudplatformprojects.readonly","https://www.googleapis.com/auth/firebase","https://www.googleapis.com/auth/cloud-platform","https://www.googleapis.com/auth/userinfo.email"]
[debug] [2026-02-07T10:23:43.460Z] > authorizing via signed-in user (gamingvninja@gmail.com)
[debug] [2026-02-07T10:23:43.490Z] <<< [apiv2][status] GET https://cloudbilling.googleapis.com/v1/projects/server-admin-dash-ui/billingInfo 200
[debug] [2026-02-07T10:23:43.490Z] <<< [apiv2][body] GET https://cloudbilling.googleapis.com/v1/projects/server-admin-dash-ui/billingInfo {"name":"projects/server-admin-dash-ui/billingInfo","projectId":"server-admin-dash-ui","billingAccountName":"","billingEnabled":false}
[error] Failed to fetch Firebase Project from Studio Workspace because WORKSPACE_SLUG environment variable is empty
[debug] [2026-02-07T10:23:43.498Z] > command requires scopes: ["email","openid","https://www.googleapis.com/auth/cloudplatformprojects.readonly","https://www.googleapis.com/auth/firebase","https://www.googleapis.com/auth/cloud-platform","https://www.googleapis.com/auth/userinfo.email"]
[debug] [2026-02-07T10:23:43.498Z] > authorizing via signed-in user (gamingvninja@gmail.com)
